#
# A fatal error has been detected by the Java Runtime Environment:
#
#  SIGBUS (0x7) at pc=0x00007fe03e9bce10, pid=16765, tid=0x00007fdfbf0d5700
#
# JRE version: OpenJDK Runtime Environment (8.0_191-b12) (build 1.8.0_191-8u191-b12-2ubuntu0.18.04.1-b12)
# Java VM: OpenJDK 64-Bit Server VM (25.191-b12 mixed mode linux-amd64 compressed oops)
# Problematic frame:
# C  [libzip.so+0x4e10]
#
# Failed to write core dump. Core dumps have been disabled. To enable core dumping, try "ulimit -c unlimited" before starting Java again
#
# If you would like to submit a bug report, please visit:
#   http://bugreport.java.com/bugreport/crash.jsp
# The crash happened outside the Java Virtual Machine in native code.
# See problematic frame for where to report the bug.
#

---------------  T H R E A D  ---------------

Current thread (0x00007fdfb0003000):  JavaThread "JDA Shutdown Hook" [_thread_in_native, id=16971, stack(0x00007fdfbefd5000,0x00007fdfbf0d6000)]

siginfo: si_signo: 7 (SIGBUS), si_code: 2 (BUS_ADRERR), si_addr: 0x00007fe0234d9953

Registers:
RAX=0x00007fdfa8002d30, RBX=0x00007fe0381fe6a0, RCX=0x00007fdfa8000020, RDX=0x00007fdfa8002d30
RSP=0x00007fdfbf0d2890, RBP=0x00007fdfbf0d2900, RSI=0x0000000000000004, RDI=0x00007fdfa8002d70
R8 =0x000000006b6601f4, R9 =0x0000000000000000, R10=0x00007fdfa80008d0, R11=0x0000000000000000
R12=0x000000000005a935, R13=0x000000006b6601f4, R14=0x00007fdfa8002d30, R15=0x00007fe0234d9935
RIP=0x00007fe03e9bce10, EFLAGS=0x0000000000010206, CSGSFS=0x002b000000000033, ERR=0x0000000000000004
  TRAPNO=0x000000000000000e

Top of Stack: (sp=0x00007fdfbf0d2890)
0x00007fdfbf0d2890:   00007fdfbf0d2900 0000000000000001
0x00007fdfbf0d28a0:   00007fdfbf0d28e0 0000000000000000
0x00007fdfbf0d28b0:   0000000000000000 0000000000000001
0x00007fdfbf0d28c0:   00007fdfb0003000 0000000040c3b2c1
0x00007fdfbf0d28d0:   000000000000003d 00007fe03820cc50
0x00007fdfbf0d28e0:   000000000000003d 000000006b6601f4
0x00007fdfbf0d28f0:   00007fe0381fe6a0 00007fe038a82bf0
0x00007fdfbf0d2900:   00007fdfbf0d2950 00007fe03e9bdabe
0x00007fdfbf0d2910:   01007fdf0000003d 00007fdfbf0d2970
0x00007fdfbf0d2920:   00007fdfb0003000 000000000000003d
0x00007fdfbf0d2930:   00007fdfb00031e0 00007fdfbf0d2dc8
0x00007fdfbf0d2940:   00007fdfbf0d2970 00007fe0381fe6a0
0x00007fdfbf0d2950:   00007fdfbf0d2db0 00007fe03e9bbac5
0x00007fdfbf0d2960:   00007fdfb0003000 0000000000000001
0x00007fdfbf0d2970:   636170612f67726f 6f6d6d6f632f6568
0x00007fdfbf0d2980:   656c6c6f632f736e 2f34736e6f697463
0x00007fdfbf0d2990:   726f746172657469 4979617272412f73
0x00007fdfbf0d29a0:   2e726f7461726574 0000007373616c63
0x00007fdfbf0d29b0:   0000000000000000 00007fdfbf0d2f50
0x00007fdfbf0d29c0:   00007fe041d3efa0 00007fe0419b29aa
0x00007fdfbf0d29d0:   00007fdf3c90c858 00007fe040812a41
0x00007fdfbf0d29e0:   0000000000000317 00007fe040e701a1
0x00007fdfbf0d29f0:   0000000000000000 00007fe040812b5a
0x00007fdfbf0d2a00:   ffffffffffffffff 0000000100000000
0x00007fdfbf0d2a10:   00007fdf3c922b70 00007fdf00000000
0x00007fdfbf0d2a20:   00007fdf00000000 00007fe000000000
0x00007fdfbf0d2a30:   00007fdf00000000 00007fdf00000000
0x00007fdfbf0d2a40:   00007fdf00000000 00007fdf00000000
0x00007fdfbf0d2a50:   00007fdfbf0d2b20 00007fe000000045
0x00007fdfbf0d2a60:   00007fe040e9973a 00007fe0419e54cc
0x00007fdfbf0d2a70:   00007fdfbf0d3408 00007fe040e9973b
0x00007fdfbf0d2a80:   00007fe040e99739 00007fe040e99739 

Instructions: (pc=0x00007fe03e9bce10)
0x00007fe03e9bcdf0:   00 00 00 48 c7 40 28 00 00 00 00 4d 8b 24 24 0f
0x00007fe03e9bce00:   84 1b 01 00 00 4c 2b 63 28 4c 8b 7b 18 4d 01 e7
0x00007fe03e9bce10:   41 0f b7 47 1e 45 0f b7 6f 1c 45 31 e4 66 89 45
0x00007fe03e9bce20:   ca 41 0f b7 47 20 44 89 ea 66 89 45 c8 41 8b 47 

Register to memory mapping:

RAX=0x00007fdfa8002d30 is an unknown value
RBX=0x00007fe0381fe6a0 is an unknown value
RCX=0x00007fdfa8000020 is an unknown value
RDX=0x00007fdfa8002d30 is an unknown value
RSP=0x00007fdfbf0d2890 is pointing into the stack for thread: 0x00007fdfb0003000
RBP=0x00007fdfbf0d2900 is pointing into the stack for thread: 0x00007fdfb0003000
RSI=0x0000000000000004 is an unknown value
RDI=0x00007fdfa8002d70 is an unknown value
R8 =0x000000006b6601f4 is an unknown value
R9 =0x0000000000000000 is an unknown value
R10=0x00007fdfa80008d0 is an unknown value
R11=0x0000000000000000 is an unknown value
R12=0x000000000005a935 is an unknown value
R13=0x000000006b6601f4 is an unknown value
R14=0x00007fdfa8002d30 is an unknown value
R15=0x00007fe0234d9935 is an unknown value


Stack: [0x00007fdfbefd5000,0x00007fdfbf0d6000],  sp=0x00007fdfbf0d2890,  free space=1014k
Native frames: (J=compiled Java code, j=interpreted, Vv=VM code, C=native code)
C  [libzip.so+0x4e10]
C  [libzip.so+0x5abe]
C  [libzip.so+0x3ac5]  Java_java_util_zip_ZipFile_getEntry+0x85
J 69  java.util.zip.ZipFile.getEntry(J[BZ)J (0 bytes) @ 0x00007fe02912c50e [0x00007fe02912c440+0xce]
J 1036 C2 sun.misc.URLClassPath$JarLoader.getResource(Ljava/lang/String;Z)Lsun/misc/Resource; (85 bytes) @ 0x00007fe0293a21b0 [0x00007fe0293a1de0+0x3d0]
J 1484 C2 sun.misc.URLClassPath.getResource(Ljava/lang/String;Z)Lsun/misc/Resource; (83 bytes) @ 0x00007fe02950ef70 [0x00007fe02950ee80+0xf0]
J 386 C1 java.net.URLClassLoader$1.run()Ljava/lang/Class; (63 bytes) @ 0x00007fe0291d38fc [0x00007fe0291d36e0+0x21c]
J 385 C1 java.net.URLClassLoader$1.run()Ljava/lang/Object; (5 bytes) @ 0x00007fe0291d410c [0x00007fe0291d4080+0x8c]
v  ~StubRoutines::call_stub
V  [libjvm.so+0x67fd4b]
V  [libjvm.so+0x6d3014]  JVM_DoPrivileged+0x504
J 159  java.security.AccessController.doPrivileged(Ljava/security/PrivilegedExceptionAction;Ljava/security/AccessControlContext;)Ljava/lang/Object; (0 bytes) @ 0x00007fe029161095 [0x00007fe029160fc0+0xd5]
J 1746 C2 java.lang.ClassLoader.loadClass(Ljava/lang/String;Z)Ljava/lang/Class; (122 bytes) @ 0x00007fe029620264 [0x00007fe02961f720+0xb44]
J 215 C1 sun.misc.Launcher$AppClassLoader.loadClass(Ljava/lang/String;Z)Ljava/lang/Class; (85 bytes) @ 0x00007fe02917ab64 [0x00007fe02917a1c0+0x9a4]
J 214 C1 java.lang.ClassLoader.loadClass(Ljava/lang/String;)Ljava/lang/Class; (7 bytes) @ 0x00007fe029179a84 [0x00007fe029179980+0x104]
v  ~StubRoutines::call_stub
V  [libjvm.so+0x67fd4b]
V  [libjvm.so+0x67d40b]
V  [libjvm.so+0x67da73]
V  [libjvm.so+0xa22bf4]
V  [libjvm.so+0xa2157b]
V  [libjvm.so+0xa234dc]
V  [libjvm.so+0x4c9bf7]
V  [libjvm.so+0x66ce12]
j  net.dv8tion.jda.core.utils.cache.impl.AbstractCacheView.iterator()Ljava/util/Iterator;+0
j  java.lang.Iterable.forEach(Ljava/util/function/Consumer;)V+6
j  net.dv8tion.jda.core.entities.impl.JDAImpl.shutdown()V+37
j  net.dv8tion.jda.core.entities.impl.JDAImpl$$Lambda$14.run()V+4
j  java.lang.Thread.run()V+11
v  ~StubRoutines::call_stub
V  [libjvm.so+0x67fd4b]
V  [libjvm.so+0x67d40b]
V  [libjvm.so+0x67d9f7]
V  [libjvm.so+0x6c38cb]
V  [libjvm.so+0xa4fd93]
V  [libjvm.so+0xa501c2]
V  [libjvm.so+0x8ea992]
C  [libpthread.so.0+0x76db]  start_thread+0xdb

Java frames: (J=compiled Java code, j=interpreted, Vv=VM code)
J 69  java.util.zip.ZipFile.getEntry(J[BZ)J (0 bytes) @ 0x00007fe02912c498 [0x00007fe02912c440+0x58]
J 1036 C2 sun.misc.URLClassPath$JarLoader.getResource(Ljava/lang/String;Z)Lsun/misc/Resource; (85 bytes) @ 0x00007fe0293a21b0 [0x00007fe0293a1de0+0x3d0]
J 1484 C2 sun.misc.URLClassPath.getResource(Ljava/lang/String;Z)Lsun/misc/Resource; (83 bytes) @ 0x00007fe02950ef70 [0x00007fe02950ee80+0xf0]
J 386 C1 java.net.URLClassLoader$1.run()Ljava/lang/Class; (63 bytes) @ 0x00007fe0291d38fc [0x00007fe0291d36e0+0x21c]
J 385 C1 java.net.URLClassLoader$1.run()Ljava/lang/Object; (5 bytes) @ 0x00007fe0291d410c [0x00007fe0291d4080+0x8c]
v  ~StubRoutines::call_stub
J 159  java.security.AccessController.doPrivileged(Ljava/security/PrivilegedExceptionAction;Ljava/security/AccessControlContext;)Ljava/lang/Object; (0 bytes) @ 0x00007fe029161023 [0x00007fe029160fc0+0x63]
J 1746 C2 java.lang.ClassLoader.loadClass(Ljava/lang/String;Z)Ljava/lang/Class; (122 bytes) @ 0x00007fe029620264 [0x00007fe02961f720+0xb44]
J 215 C1 sun.misc.Launcher$AppClassLoader.loadClass(Ljava/lang/String;Z)Ljava/lang/Class; (85 bytes) @ 0x00007fe02917ab64 [0x00007fe02917a1c0+0x9a4]
J 214 C1 java.lang.ClassLoader.loadClass(Ljava/lang/String;)Ljava/lang/Class; (7 bytes) @ 0x00007fe029179a84 [0x00007fe029179980+0x104]
v  ~StubRoutines::call_stub
j  net.dv8tion.jda.core.utils.cache.impl.AbstractCacheView.iterator()Ljava/util/Iterator;+0
j  java.lang.Iterable.forEach(Ljava/util/function/Consumer;)V+6
j  net.dv8tion.jda.core.entities.impl.JDAImpl.shutdown()V+37
j  net.dv8tion.jda.core.entities.impl.JDAImpl$$Lambda$14.run()V+4
j  java.lang.Thread.run()V+11
v  ~StubRoutines::call_stub

---------------  P R O C E S S  ---------------

Java Threads: ( => current thread )
=>0x00007fdfb0003000 JavaThread "JDA Shutdown Hook" [_thread_in_native, id=16971, stack(0x00007fdfbefd5000,0x00007fdfbf0d6000)]
  0x00007fdff8001000 JavaThread "SIGINT handler" daemon [_thread_blocked, id=16969, stack(0x00007fe00c01f000,0x00007fe00c120000)]
  0x00007fe03800b000 JavaThread "DestroyJavaVM" [_thread_blocked, id=16766, stack(0x00007fe042054000,0x00007fe042154000)]
  0x00007fe038a84000 JavaThread "JDA RateLimit-Queue Pool - Thread 3" daemon [_thread_blocked, id=16799, stack(0x00007fe022100000,0x00007fe022201000)]
  0x00007fe038ac5800 JavaThread "JS executor for com.gargoylesoftware.htmlunit.WebClient@5ddabb18" daemon [_thread_blocked, id=16792, stack(0x00007fe02001f000,0x00007fe020120000)]
  0x00007fdfc0002800 JavaThread "JDA MainWS-KeepAlive Thread" daemon [_thread_blocked, id=16790, stack(0x00007fe021cfc000,0x00007fe021dfd000)]
  0x00007fdfc802f800 JavaThread "JDA MainWS-WriteThread" [_thread_blocked, id=16789, stack(0x00007fe0219f9000,0x00007fe021afa000)]
  0x00007fdfc8032000 JavaThread "JDA MainWS-ReadThread" [_thread_in_native, id=16788, stack(0x00007fe021afa000,0x00007fe021bfb000)]
  0x00007fdfc8016000 JavaThread "JDA MainWS-Sending Thread" [_thread_blocked, id=16787, stack(0x00007fe021bfb000,0x00007fe021cfc000)]
  0x00007fdfe006a800 JavaThread "JDA-Thread JDA" daemon [_thread_blocked, id=16785, stack(0x00007fe021dfd000,0x00007fe021efe000)]
  0x00007fe038431000 JavaThread "JDA RateLimit-Queue Pool - Thread 2" daemon [_thread_blocked, id=16784, stack(0x00007fe021efe000,0x00007fe021fff000)]
  0x00007fdfe0062800 JavaThread "JDA-Thread JDA" daemon [_thread_blocked, id=16783, stack(0x00007fe021fff000,0x00007fe022100000)]
  0x00007fdfe0049000 JavaThread "OkHttp ConnectionPool" daemon [_thread_blocked, id=16781, stack(0x00007fe022401000,0x00007fe022502000)]
  0x00007fe038485000 JavaThread "JDA RateLimit-Queue Pool - Thread 1" daemon [_thread_blocked, id=16780, stack(0x00007fe022b27000,0x00007fe022c28000)]
  0x00007fe038191000 JavaThread "Service Thread" daemon [_thread_blocked, id=16778, stack(0x00007fe02371c000,0x00007fe02381d000)]
  0x00007fe038186000 JavaThread "C1 CompilerThread2" daemon [_thread_blocked, id=16777, stack(0x00007fe02381e000,0x00007fe02391e000)]
  0x00007fe038184800 JavaThread "C2 CompilerThread1" daemon [_thread_blocked, id=16776, stack(0x00007fe02391f000,0x00007fe023a1f000)]
  0x00007fe038181800 JavaThread "C2 CompilerThread0" daemon [_thread_in_native, id=16775, stack(0x00007fe023a20000,0x00007fe023b20000)]
  0x00007fe038180000 JavaThread "Signal Dispatcher" daemon [_thread_blocked, id=16774, stack(0x00007fe023b20000,0x00007fe023c21000)]
  0x00007fe03814c800 JavaThread "Finalizer" daemon [_thread_blocked, id=16773, stack(0x00007fe023eff000,0x00007fe024000000)]
  0x00007fe03814a000 JavaThread "Reference Handler" daemon [_thread_blocked, id=16772, stack(0x00007fe0280f1000,0x00007fe0281f2000)]

Other Threads:
  0x00007fe038140000 VMThread [stack: 0x00007fe0281f3000,0x00007fe0282f3000] [id=16771]
  0x00007fe038193800 WatcherThread [stack: 0x00007fe02361c000,0x00007fe02371c000] [id=16779]

VM state:not at safepoint (normal execution)

VM Mutex/Monitor currently owned by a thread: None

Heap:
 PSYoungGen      total 388608K, used 324678K [0x000000076e180000, 0x0000000791a80000, 0x00000007c0000000)
  eden space 285696K, 80% used [0x000000076e180000,0x000000077c314918,0x000000077f880000)
  from space 102912K, 91% used [0x000000077f880000,0x00000007853fcef0,0x0000000785d00000)
  to   space 115200K, 0% used [0x000000078aa00000,0x000000078aa00000,0x0000000791a80000)
 ParOldGen       total 271360K, used 174915K [0x00000006ca400000, 0x00000006dad00000, 0x000000076e180000)
  object space 271360K, 64% used [0x00000006ca400000,0x00000006d4ed0de8,0x00000006dad00000)
 Metaspace       used 33903K, capacity 35979K, committed 36096K, reserved 1079296K
  class space    used 5151K, capacity 5584K, committed 5632K, reserved 1048576K

Card table byte_map: [0x00007fe03de49000,0x00007fe03e5f8000] byte_map_base: 0x00007fe03a7f7000

Marking Bits: (ParMarkBitMap*) 0x00007fe0412fa340
 Begin Bits: [0x00007fe00c520000, 0x00007fe010290000)
 End Bits:   [0x00007fe010290000, 0x00007fe014000000)

Polling page: 0x00007fe04217b000

CodeCache: size=245760Kb used=25716Kb max_used=25741Kb free=220043Kb
 bounds [0x00007fe029000000, 0x00007fe02a950000, 0x00007fe038000000]
 total_blobs=6521 nmethods=6015 adapters=417
 compilation: enabled

Compilation events (10 events):
Event: 150.323 Thread 0x00007fe038184800 8035       4       java.math.BigInteger::stripLeadingZeroBytes (132 bytes)
Event: 150.332 Thread 0x00007fe038184800 nmethod 8035 0x00007fe02a93e090 code [0x00007fe02a93e200, 0x00007fe02a93e618]
Event: 154.340 Thread 0x00007fe038181800 8036       4       java.math.BigInteger::compareTo (71 bytes)
Event: 154.341 Thread 0x00007fe038181800 nmethod 8036 0x00007fe02a941850 code [0x00007fe02a9419a0, 0x00007fe02a941b28]
Event: 156.345 Thread 0x00007fe038184800 8037       4       java.lang.Double::doubleToLongBits (33 bytes)
Event: 156.346 Thread 0x00007fe038184800 nmethod 8037 0x00007fe02a0c1750 code [0x00007fe02a0c18a0, 0x00007fe02a0c1938]
Event: 162.374 Thread 0x00007fe038181800 8038       4       java.math.BigInteger::multiply (231 bytes)
Event: 162.445 Thread 0x00007fe038181800 nmethod 8038 0x00007fe02a9450d0 code [0x00007fe02a945320, 0x00007fe02a946fd8]
Event: 164.302 Thread 0x00007fe038186000 8040       3       java.lang.invoke.MethodTypeForm::canonicalizeAll (66 bytes)
Event: 164.302 Thread 0x00007fe038186000 nmethod 8040 0x00007fe0293134d0 code [0x00007fe029313680, 0x00007fe029313cb8]

GC Heap History (10 events):
Event: 47.578 GC heap before
{Heap before GC invocations=13 (full 2):
 PSYoungGen      total 265728K, used 66552K [0x000000076e180000, 0x0000000787180000, 0x00000007c0000000)
  eden space 199168K, 0% used [0x000000076e180000,0x000000076e180000,0x000000077a400000)
  from space 66560K, 99% used [0x000000077a400000,0x000000077e4fe3e8,0x000000077e500000)
  to   space 83456K, 0% used [0x0000000782000000,0x0000000782000000,0x0000000787180000)
 ParOldGen       total 104448K, used 102963K [0x00000006ca400000, 0x00000006d0a00000, 0x000000076e180000)
  object space 104448K, 98% used [0x00000006ca400000,0x00000006d088ce40,0x00000006d0a00000)
 Metaspace       used 31472K, capacity 32415K, committed 32512K, reserved 1077248K
  class space    used 4851K, capacity 5048K, committed 5120K, reserved 1048576K
Event: 48.130 GC heap after
Heap after GC invocations=13 (full 2):
 PSYoungGen      total 265728K, used 42022K [0x000000076e180000, 0x0000000787180000, 0x00000007c0000000)
  eden space 199168K, 0% used [0x000000076e180000,0x000000076e180000,0x000000077a400000)
  from space 66560K, 63% used [0x000000077a400000,0x000000077cd09a08,0x000000077e500000)
  to   space 83456K, 0% used [0x0000000782000000,0x0000000782000000,0x0000000787180000)
 ParOldGen       total 271360K, used 104084K [0x00000006ca400000, 0x00000006dad00000, 0x000000076e180000)
  object space 271360K, 38% used [0x00000006ca400000,0x00000006d09a5388,0x00000006dad00000)
 Metaspace       used 31472K, capacity 32415K, committed 32512K, reserved 1077248K
  class space    used 4851K, capacity 5048K, committed 5120K, reserved 1048576K
}
Event: 55.252 GC heap before
{Heap before GC invocations=14 (full 2):
 PSYoungGen      total 265728K, used 241190K [0x000000076e180000, 0x0000000787180000, 0x00000007c0000000)
  eden space 199168K, 100% used [0x000000076e180000,0x000000077a400000,0x000000077a400000)
  from space 66560K, 63% used [0x000000077a400000,0x000000077cd09a08,0x000000077e500000)
  to   space 83456K, 0% used [0x0000000782000000,0x0000000782000000,0x0000000787180000)
 ParOldGen       total 271360K, used 104084K [0x00000006ca400000, 0x00000006dad00000, 0x000000076e180000)
  object space 271360K, 38% used [0x00000006ca400000,0x00000006d09a5388,0x00000006dad00000)
 Metaspace       used 33302K, capacity 35325K, committed 35584K, reserved 1079296K
  class space    used 5102K, capacity 5511K, committed 5632K, reserved 1048576K
Event: 55.321 GC heap after
Heap after GC invocations=14 (full 2):
 PSYoungGen      total 325120K, used 35920K [0x000000076e180000, 0x0000000786c80000, 0x00000007c0000000)
  eden space 246784K, 0% used [0x000000076e180000,0x000000076e180000,0x000000077d280000)
  from space 78336K, 45% used [0x0000000782000000,0x00000007843141a8,0x0000000786c80000)
  to   space 78848K, 0% used [0x000000077d280000,0x000000077d280000,0x0000000781f80000)
 ParOldGen       total 271360K, used 135836K [0x00000006ca400000, 0x00000006dad00000, 0x000000076e180000)
  object space 271360K, 50% used [0x00000006ca400000,0x00000006d28a7130,0x00000006dad00000)
 Metaspace       used 33302K, capacity 35325K, committed 35584K, reserved 1079296K
  class space    used 5102K, capacity 5511K, committed 5632K, reserved 1048576K
}
Event: 64.625 GC heap before
{Heap before GC invocations=15 (full 2):
 PSYoungGen      total 325120K, used 282704K [0x000000076e180000, 0x0000000786c80000, 0x00000007c0000000)
  eden space 246784K, 100% used [0x000000076e180000,0x000000077d280000,0x000000077d280000)
  from space 78336K, 45% used [0x0000000782000000,0x00000007843141a8,0x0000000786c80000)
  to   space 78848K, 0% used [0x000000077d280000,0x000000077d280000,0x0000000781f80000)
 ParOldGen       total 271360K, used 135836K [0x00000006ca400000, 0x00000006dad00000, 0x000000076e180000)
  object space 271360K, 50% used [0x00000006ca400000,0x00000006d28a7130,0x00000006dad00000)
 Metaspace       used 33360K, capacity 35337K, committed 35584K, reserved 1079296K
  class space    used 5103K, capacity 5513K, committed 5632K, reserved 1048576K
Event: 64.678 GC heap after
Heap after GC invocations=15 (full 2):
 PSYoungGen      total 325632K, used 68762K [0x000000076e180000, 0x000000078b200000, 0x00000007c0000000)
  eden space 246784K, 0% used [0x000000076e180000,0x000000076e180000,0x000000077d280000)
  from space 78848K, 87% used [0x000000077d280000,0x00000007815a6880,0x0000000781f80000)
  to   space 87040K, 0% used [0x0000000785d00000,0x0000000785d00000,0x000000078b200000)
 ParOldGen       total 271360K, used 135844K [0x00000006ca400000, 0x00000006dad00000, 0x000000076e180000)
  object space 271360K, 50% used [0x00000006ca400000,0x00000006d28a9130,0x00000006dad00000)
 Metaspace       used 33360K, capacity 35337K, committed 35584K, reserved 1079296K
  class space    used 5103K, capacity 5513K, committed 5632K, reserved 1048576K
}
Event: 71.724 GC heap before
{Heap before GC invocations=16 (full 2):
 PSYoungGen      total 325632K, used 315546K [0x000000076e180000, 0x000000078b200000, 0x00000007c0000000)
  eden space 246784K, 100% used [0x000000076e180000,0x000000077d280000,0x000000077d280000)
  from space 78848K, 87% used [0x000000077d280000,0x00000007815a6880,0x0000000781f80000)
  to   space 87040K, 0% used [0x0000000785d00000,0x0000000785d00000,0x000000078b200000)
 ParOldGen       total 271360K, used 135844K [0x00000006ca400000, 0x00000006dad00000, 0x000000076e180000)
  object space 271360K, 50% used [0x00000006ca400000,0x00000006d28a9130,0x00000006dad00000)
 Metaspace       used 33447K, capacity 35471K, committed 35840K, reserved 1079296K
  class space    used 5106K, capacity 5514K, committed 5632K, reserved 1048576K
Event: 71.798 GC heap after
Heap after GC invocations=16 (full 2):
 PSYoungGen      total 372736K, used 87025K [0x000000076e180000, 0x000000078d280000, 0x00000007c0000000)
  eden space 285696K, 0% used [0x000000076e180000,0x000000076e180000,0x000000077f880000)
  from space 87040K, 99% used [0x0000000785d00000,0x000000078b1fc568,0x000000078b200000)
  to   space 102912K, 0% used [0x000000077f880000,0x000000077f880000,0x0000000785d00000)
 ParOldGen       total 271360K, used 143260K [0x00000006ca400000, 0x00000006dad00000, 0x000000076e180000)
  object space 271360K, 52% used [0x00000006ca400000,0x00000006d2fe7188,0x00000006dad00000)
 Metaspace       used 33447K, capacity 35471K, committed 35840K, reserved 1079296K
  class space    used 5106K, capacity 5514K, committed 5632K, reserved 1048576K
}
Event: 80.080 GC heap before
{Heap before GC invocations=17 (full 2):
 PSYoungGen      total 372736K, used 372721K [0x000000076e180000, 0x000000078d280000, 0x00000007c0000000)
  eden space 285696K, 100% used [0x000000076e180000,0x000000077f880000,0x000000077f880000)
  from space 87040K, 99% used [0x0000000785d00000,0x000000078b1fc568,0x000000078b200000)
  to   space 102912K, 0% used [0x000000077f880000,0x000000077f880000,0x0000000785d00000)
 ParOldGen       total 271360K, used 143260K [0x00000006ca400000, 0x00000006dad00000, 0x000000076e180000)
  object space 271360K, 52% used [0x00000006ca400000,0x00000006d2fe7188,0x00000006dad00000)
 Metaspace       used 33545K, capacity 35543K, committed 35840K, reserved 1079296K
  class space    used 5112K, capacity 5526K, committed 5632K, reserved 1048576K
Event: 80.172 GC heap after
Heap after GC invocations=17 (full 2):
 PSYoungGen      total 388608K, used 93683K [0x000000076e180000, 0x0000000791a80000, 0x00000007c0000000)
  eden space 285696K, 0% used [0x000000076e180000,0x000000076e180000,0x000000077f880000)
  from space 102912K, 91% used [0x000000077f880000,0x00000007853fcef0,0x0000000785d00000)
  to   space 115200K, 0% used [0x000000078aa00000,0x000000078aa00000,0x0000000791a80000)
 ParOldGen       total 271360K, used 174915K [0x00000006ca400000, 0x00000006dad00000, 0x000000076e180000)
  object space 271360K, 64% used [0x00000006ca400000,0x00000006d4ed0de8,0x00000006dad00000)
 Metaspace       used 33545K, capacity 35543K, committed 35840K, reserved 1079296K
  class space    used 5112K, capacity 5526K, committed 5632K, reserved 1048576K
}

Deoptimization events (10 events):
Event: 83.042 Thread 0x00007fe038431000 Uncommon trap: reason=class_check action=maybe_recompile pc=0x00007fe0293e99b0 method=org.json.JSONTokener.next()C @ 24
Event: 83.042 Thread 0x00007fe038431000 Uncommon trap: reason=class_check action=maybe_recompile pc=0x00007fe0293e99b0 method=org.json.JSONTokener.next()C @ 24
Event: 83.042 Thread 0x00007fe038431000 Uncommon trap: reason=class_check action=maybe_recompile pc=0x00007fe0293eb208 method=org.json.JSONTokener.next()C @ 24
Event: 83.042 Thread 0x00007fe038431000 Uncommon trap: reason=class_check action=maybe_recompile pc=0x00007fe0293eb208 method=org.json.JSONTokener.next()C @ 24
Event: 83.042 Thread 0x00007fe038431000 Uncommon trap: reason=class_check action=maybe_recompile pc=0x00007fe0293e99b0 method=org.json.JSONTokener.next()C @ 24
Event: 83.054 Thread 0x00007fe03800b000 Uncommon trap: reason=unstable_if action=reinterpret pc=0x00007fe029ea7b90 method=java.lang.Thread.getContextClassLoader()Ljava/lang/ClassLoader; @ 4
Event: 83.671 Thread 0x00007fe038ac5800 Uncommon trap: reason=class_check action=maybe_recompile pc=0x00007fe029bdc86c method=net.sourceforge.htmlunit.corejs.javascript.IRFactory.transform(Lnet/sourceforge/htmlunit/corejs/javascript/ast/AstNode;)Lnet/sourceforge/htmlunit/corejs/javascript/Node;
Event: 84.735 Thread 0x00007fe038ac5800 Uncommon trap: reason=predicate action=maybe_recompile pc=0x00007fe02a0054d4 method=java.util.LinkedList.toArray([Ljava/lang/Object;)[Ljava/lang/Object; @ 45
Event: 85.448 Thread 0x00007fe038ac5800 Uncommon trap: reason=class_check action=maybe_recompile pc=0x00007fe0292126d4 method=java.lang.String.contains(Ljava/lang/CharSequence;)Z @ 2
Event: 164.302 Thread 0x00007fdfb0003000 Uncommon trap: reason=unstable_if action=reinterpret pc=0x00007fe029807b20 method=java.lang.Class.getDeclaringClass()Ljava/lang/Class; @ 6

Classes redefined (0 events):
No events

Internal exceptions (10 events):
Event: 77.309 Thread 0x00007fe03800b000 Exception <a 'java/net/SocketTimeoutException': Read timed out> (0x0000000779409c30) thrown at [/build/openjdk-8-5w_p1G/openjdk-8-8u191-b12/src/hotspot/src/share/vm/prims/jni.cpp, line 735]
Event: 77.496 Thread 0x00007fe03800b000 Exception <a 'java/net/SocketTimeoutException': Read timed out> (0x0000000779764350) thrown at [/build/openjdk-8-5w_p1G/openjdk-8-8u191-b12/src/hotspot/src/share/vm/prims/jni.cpp, line 735]
Event: 77.647 Thread 0x00007fe03800b000 Exception <a 'java/net/SocketTimeoutException': Read timed out> (0x000000077978b0c0) thrown at [/build/openjdk-8-5w_p1G/openjdk-8-8u191-b12/src/hotspot/src/share/vm/prims/jni.cpp, line 735]
Event: 78.387 Thread 0x00007fe038ac5800 Exception <a 'java/net/SocketTimeoutException': Read timed out> (0x000000077c876b38) thrown at [/build/openjdk-8-5w_p1G/openjdk-8-8u191-b12/src/hotspot/src/share/vm/prims/jni.cpp, line 735]
Event: 82.505 Thread 0x00007fe03800b000 Exception <a 'java/net/SocketTimeoutException': Read timed out> (0x0000000770fd8518) thrown at [/build/openjdk-8-5w_p1G/openjdk-8-8u191-b12/src/hotspot/src/share/vm/prims/jni.cpp, line 735]
Event: 82.570 Thread 0x00007fe03800b000 Exception <a 'java/net/SocketTimeoutException': Read timed out> (0x0000000771332c08) thrown at [/build/openjdk-8-5w_p1G/openjdk-8-8u191-b12/src/hotspot/src/share/vm/prims/jni.cpp, line 735]
Event: 82.722 Thread 0x00007fe03800b000 Exception <a 'java/net/SocketTimeoutException': Read timed out> (0x0000000771359978) thrown at [/build/openjdk-8-5w_p1G/openjdk-8-8u191-b12/src/hotspot/src/share/vm/prims/jni.cpp, line 735]
Event: 83.041 Thread 0x00007fe038431000 Implicit null exception at 0x00007fe029bcad2f to 0x00007fe029bcb389
Event: 83.561 Thread 0x00007fe038ac5800 Exception <a 'java/net/SocketTimeoutException': Read timed out> (0x0000000774911000) thrown at [/build/openjdk-8-5w_p1G/openjdk-8-8u191-b12/src/hotspot/src/share/vm/prims/jni.cpp, line 735]
Event: 85.449 Thread 0x00007fe038ac5800 Exception <a 'java/lang/reflect/InvocationTargetException'> (0x000000077735e578) thrown at [/build/openjdk-8-5w_p1G/openjdk-8-8u191-b12/src/hotspot/src/share/vm/runtime/reflection.cpp, line 1092]

Events (10 events):
Event: 164.301 Thread 0x00007fdfb0001800 Thread added: 0x00007fdfb0001800
Event: 164.301 Thread 0x00007fdfb0003000 Thread added: 0x00007fdfb0003000
Event: 164.301 Thread 0x00007fdfb0001800 Thread exited: 0x00007fdfb0001800
Event: 164.302 Thread 0x00007fdfb0003000 Uncommon trap: trap_request=0xffffff65 fr.pc=0x00007fe029807b20
Event: 164.302 Thread 0x00007fdfb0003000 DEOPT PACKING pc=0x00007fe029807b20 sp=0x00007fdfbf0d3a00
Event: 164.302 Thread 0x00007fdfb0003000 DEOPT UNPACKING pc=0x00007fe02904547a sp=0x00007fdfbf0d38a8 mode 2
Event: 164.302 loading class net/dv8tion/jda/core/managers/AudioManager
Event: 164.302 loading class net/dv8tion/jda/core/managers/AudioManager done
Event: 164.302 loading class org/apache/commons/collections4/iterators/ArrayIterator
Event: 164.302 loading class org/apache/commons/collections4/iterators/ArrayIterator done


Dynamic libraries:
6ca400000-6dad00000 rw-p 00000000 00:00 0 
6dad00000-76e180000 ---p 00000000 00:00 0 
76e180000-791a80000 rw-p 00000000 00:00 0 
791a80000-7c0000000 ---p 00000000 00:00 0 
7c0000000-7c0580000 rw-p 00000000 00:00 0 
7c0580000-800000000 ---p 00000000 00:00 0 
55dcfc579000-55dcfc57a000 r-xp 00000000 08:06 3802761                    /usr/lib/jvm/java-8-openjdk-amd64/jre/bin/java
55dcfc779000-55dcfc77a000 r--p 00000000 08:06 3802761                    /usr/lib/jvm/java-8-openjdk-amd64/jre/bin/java
55dcfc77a000-55dcfc77b000 rw-p 00001000 08:06 3802761                    /usr/lib/jvm/java-8-openjdk-amd64/jre/bin/java
55dcfcd87000-55dcfcda8000 rw-p 00000000 00:00 0                          [heap]
7fdfa8000000-7fdfa8021000 rw-p 00000000 00:00 0 
7fdfa8021000-7fdfac000000 ---p 00000000 00:00 0 
7fdfb0000000-7fdfb0021000 rw-p 00000000 00:00 0 
7fdfb0021000-7fdfb4000000 ---p 00000000 00:00 0 
7fdfb4000000-7fdfb4021000 rw-p 00000000 00:00 0 
7fdfb4021000-7fdfb8000000 ---p 00000000 00:00 0 
7fdfb8000000-7fdfb80f0000 rw-p 00000000 00:00 0 
7fdfb80f0000-7fdfbc000000 ---p 00000000 00:00 0 
7fdfbefd5000-7fdfbefd8000 ---p 00000000 00:00 0 
7fdfbefd8000-7fdfbf296000 rw-p 00000000 00:00 0 
7fdfbf296000-7fdfbf2d6000 ---p 00000000 00:00 0 
7fdfbf2d6000-7fdfbf4d6000 rw-p 00000000 00:00 0 
7fdfbf4d6000-7fdfbf6d6000 rw-p 00000000 00:00 0 
7fdfbf6d6000-7fdfbf8d6000 rw-p 00000000 00:00 0 
7fdfbf8ff000-7fdfbf902000 ---p 00000000 00:00 0 
7fdfbf902000-7fdfbfc00000 rw-p 00000000 00:00 0 
7fdfbfc00000-7fdfbfe00000 rw-p 00000000 00:00 0 
7fdfbfe00000-7fdfc0000000 rw-p 00000000 00:00 0 
7fdfc0000000-7fdfc0049000 rw-p 00000000 00:00 0 
7fdfc0049000-7fdfc4000000 ---p 00000000 00:00 0 
7fdfc4000000-7fdfc4021000 rw-p 00000000 00:00 0 
7fdfc4021000-7fdfc8000000 ---p 00000000 00:00 0 
7fdfc8000000-7fdfc8042000 rw-p 00000000 00:00 0 
7fdfc8042000-7fdfcc000000 ---p 00000000 00:00 0 
7fdfcc000000-7fdfcc021000 rw-p 00000000 00:00 0 
7fdfcc021000-7fdfd0000000 ---p 00000000 00:00 0 
7fdfd0000000-7fdfd0021000 rw-p 00000000 00:00 0 
7fdfd0021000-7fdfd4000000 ---p 00000000 00:00 0 
7fdfd4000000-7fdfd4021000 rw-p 00000000 00:00 0 
7fdfd4021000-7fdfd8000000 ---p 00000000 00:00 0 
7fdfd8000000-7fdfd8021000 rw-p 00000000 00:00 0 
7fdfd8021000-7fdfdc000000 ---p 00000000 00:00 0 
7fdfdc000000-7fdfdc021000 rw-p 00000000 00:00 0 
7fdfdc021000-7fdfe0000000 ---p 00000000 00:00 0 
7fdfe0000000-7fdfe0074000 rw-p 00000000 00:00 0 
7fdfe0074000-7fdfe4000000 ---p 00000000 00:00 0 
7fdfe4000000-7fdfe4021000 rw-p 00000000 00:00 0 
7fdfe4021000-7fdfe8000000 ---p 00000000 00:00 0 
7fdfe8000000-7fdfe8021000 rw-p 00000000 00:00 0 
7fdfe8021000-7fdfec000000 ---p 00000000 00:00 0 
7fdfec000000-7fdfec021000 rw-p 00000000 00:00 0 
7fdfec021000-7fdff0000000 ---p 00000000 00:00 0 
7fdff0000000-7fdff345e000 rw-p 00000000 00:00 0 
7fdff345e000-7fdff4000000 ---p 00000000 00:00 0 
7fdff4000000-7fdff5887000 rw-p 00000000 00:00 0 
7fdff5887000-7fdff8000000 ---p 00000000 00:00 0 
7fdff8000000-7fdff8021000 rw-p 00000000 00:00 0 
7fdff8021000-7fdffc000000 ---p 00000000 00:00 0 
7fdffc000000-7fdfff7e6000 rw-p 00000000 00:00 0 
7fdfff7e6000-7fe000000000 ---p 00000000 00:00 0 
7fe000000000-7fe000021000 rw-p 00000000 00:00 0 
7fe000021000-7fe004000000 ---p 00000000 00:00 0 
7fe004000000-7fe004021000 rw-p 00000000 00:00 0 
7fe004021000-7fe008000000 ---p 00000000 00:00 0 
7fe008000000-7fe008142000 rw-p 00000000 00:00 0 
7fe008142000-7fe00c000000 ---p 00000000 00:00 0 
7fe00c01f000-7fe00c022000 ---p 00000000 00:00 0 
7fe00c022000-7fe00c320000 rw-p 00000000 00:00 0 
7fe00c320000-7fe014000000 rw-p 00000000 00:00 0 
7fe014000000-7fe014021000 rw-p 00000000 00:00 0 
7fe014021000-7fe018000000 ---p 00000000 00:00 0 
7fe018000000-7fe018021000 rw-p 00000000 00:00 0 
7fe018021000-7fe01c000000 ---p 00000000 00:00 0 
7fe01c000000-7fe01c021000 rw-p 00000000 00:00 0 
7fe01c021000-7fe020000000 ---p 00000000 00:00 0 
7fe02001f000-7fe020022000 ---p 00000000 00:00 0 
7fe020022000-7fe020120000 rw-p 00000000 00:00 0 
7fe020120000-7fe020133000 r-xp 00000000 08:06 3157835                    /lib/x86_64-linux-gnu/libbsd.so.0.8.7
7fe020133000-7fe020332000 ---p 00013000 08:06 3157835                    /lib/x86_64-linux-gnu/libbsd.so.0.8.7
7fe020332000-7fe020333000 r--p 00012000 08:06 3157835                    /lib/x86_64-linux-gnu/libbsd.so.0.8.7
7fe020333000-7fe020334000 rw-p 00013000 08:06 3157835                    /lib/x86_64-linux-gnu/libbsd.so.0.8.7
7fe020334000-7fe020335000 rw-p 00000000 00:00 0 
7fe020335000-7fe02033a000 r-xp 00000000 08:06 3672428                    /usr/lib/x86_64-linux-gnu/libXdmcp.so.6.0.0
7fe02033a000-7fe020539000 ---p 00005000 08:06 3672428                    /usr/lib/x86_64-linux-gnu/libXdmcp.so.6.0.0
7fe020539000-7fe02053a000 r--p 00004000 08:06 3672428                    /usr/lib/x86_64-linux-gnu/libXdmcp.so.6.0.0
7fe02053a000-7fe02053b000 rw-p 00005000 08:06 3672428                    /usr/lib/x86_64-linux-gnu/libXdmcp.so.6.0.0
7fe02053b000-7fe02053d000 r-xp 00000000 08:06 3678390                    /usr/lib/x86_64-linux-gnu/libXau.so.6.0.0
7fe02053d000-7fe02073d000 ---p 00002000 08:06 3678390                    /usr/lib/x86_64-linux-gnu/libXau.so.6.0.0
7fe02073d000-7fe02073e000 r--p 00002000 08:06 3678390                    /usr/lib/x86_64-linux-gnu/libXau.so.6.0.0
7fe02073e000-7fe02073f000 rw-p 00003000 08:06 3678390                    /usr/lib/x86_64-linux-gnu/libXau.so.6.0.0
7fe02073f000-7fe020765000 r-xp 00000000 08:06 3671454                    /usr/lib/x86_64-linux-gnu/libxcb.so.1.1.0
7fe020765000-7fe020965000 ---p 00026000 08:06 3671454                    /usr/lib/x86_64-linux-gnu/libxcb.so.1.1.0
7fe020965000-7fe020966000 r--p 00026000 08:06 3671454                    /usr/lib/x86_64-linux-gnu/libxcb.so.1.1.0
7fe020966000-7fe020967000 rw-p 00027000 08:06 3671454                    /usr/lib/x86_64-linux-gnu/libxcb.so.1.1.0
7fe020967000-7fe020976000 r-xp 00000000 08:06 3680841                    /usr/lib/x86_64-linux-gnu/libXi.so.6.1.0
7fe020976000-7fe020b75000 ---p 0000f000 08:06 3680841                    /usr/lib/x86_64-linux-gnu/libXi.so.6.1.0
7fe020b75000-7fe020b76000 r--p 0000e000 08:06 3680841                    /usr/lib/x86_64-linux-gnu/libXi.so.6.1.0
7fe020b76000-7fe020b77000 rw-p 0000f000 08:06 3680841                    /usr/lib/x86_64-linux-gnu/libXi.so.6.1.0
7fe020b77000-7fe020b7c000 r-xp 00000000 08:06 3675374                    /usr/lib/x86_64-linux-gnu/libXtst.so.6.1.0
7fe020b7c000-7fe020d7b000 ---p 00005000 08:06 3675374                    /usr/lib/x86_64-linux-gnu/libXtst.so.6.1.0
7fe020d7b000-7fe020d7c000 r--p 00004000 08:06 3675374                    /usr/lib/x86_64-linux-gnu/libXtst.so.6.1.0
7fe020d7c000-7fe020d7d000 rw-p 00005000 08:06 3675374                    /usr/lib/x86_64-linux-gnu/libXtst.so.6.1.0
7fe020d7d000-7fe020d86000 r-xp 00000000 08:06 3672073                    /usr/lib/x86_64-linux-gnu/libXrender.so.1.3.0
7fe020d86000-7fe020f85000 ---p 00009000 08:06 3672073                    /usr/lib/x86_64-linux-gnu/libXrender.so.1.3.0
7fe020f85000-7fe020f86000 r--p 00008000 08:06 3672073                    /usr/lib/x86_64-linux-gnu/libXrender.so.1.3.0
7fe020f86000-7fe020f87000 rw-p 00009000 08:06 3672073                    /usr/lib/x86_64-linux-gnu/libXrender.so.1.3.0
7fe020f87000-7fe0210ba000 r-xp 00000000 08:06 3670469                    /usr/lib/x86_64-linux-gnu/libX11.so.6.3.0
7fe0210ba000-7fe0212ba000 ---p 00133000 08:06 3670469                    /usr/lib/x86_64-linux-gnu/libX11.so.6.3.0
7fe0212ba000-7fe0212bb000 r--p 00133000 08:06 3670469                    /usr/lib/x86_64-linux-gnu/libX11.so.6.3.0
7fe0212bb000-7fe0212bf000 rw-p 00134000 08:06 3670469                    /usr/lib/x86_64-linux-gnu/libX11.so.6.3.0
7fe0212bf000-7fe0212d0000 r-xp 00000000 08:06 3678403                    /usr/lib/x86_64-linux-gnu/libXext.so.6.4.0
7fe0212d0000-7fe0214cf000 ---p 00011000 08:06 3678403                    /usr/lib/x86_64-linux-gnu/libXext.so.6.4.0
7fe0214cf000-7fe0214d0000 r--p 00010000 08:06 3678403                    /usr/lib/x86_64-linux-gnu/libXext.so.6.4.0
7fe0214d0000-7fe0214d1000 rw-p 00011000 08:06 3678403                    /usr/lib/x86_64-linux-gnu/libXext.so.6.4.0
7fe0214d1000-7fe021525000 r-xp 00000000 08:06 3807323                    /usr/lib/jvm/java-8-openjdk-amd64/jre/lib/amd64/libawt_xawt.so
7fe021525000-7fe021724000 ---p 00054000 08:06 3807323                    /usr/lib/jvm/java-8-openjdk-amd64/jre/lib/amd64/libawt_xawt.so
7fe021724000-7fe021725000 r--p 00053000 08:06 3807323                    /usr/lib/jvm/java-8-openjdk-amd64/jre/lib/amd64/libawt_xawt.so
7fe021725000-7fe021728000 rw-p 00054000 08:06 3807323                    /usr/lib/jvm/java-8-openjdk-amd64/jre/lib/amd64/libawt_xawt.so
7fe021728000-7fe021729000 rw-p 00000000 00:00 0 
7fe021729000-7fe0217c9000 r-xp 00000000 08:06 3807321                    /usr/lib/jvm/java-8-openjdk-amd64/jre/lib/amd64/libawt.so
7fe0217c9000-7fe0219c8000 ---p 000a0000 08:06 3807321                    /usr/lib/jvm/java-8-openjdk-amd64/jre/lib/amd64/libawt.so
7fe0219c8000-7fe0219c9000 r--p 0009f000 08:06 3807321                    /usr/lib/jvm/java-8-openjdk-amd64/jre/lib/amd64/libawt.so
7fe0219c9000-7fe0219d4000 rw-p 000a0000 08:06 3807321                    /usr/lib/jvm/java-8-openjdk-amd64/jre/lib/amd64/libawt.so
7fe0219d4000-7fe0219f9000 rw-p 00000000 00:00 0 
7fe0219f9000-7fe0219fc000 ---p 00000000 00:00 0 
7fe0219fc000-7fe021afa000 rw-p 00000000 00:00 0 
7fe021afa000-7fe021afd000 ---p 00000000 00:00 0 
7fe021afd000-7fe021bfb000 rw-p 00000000 00:00 0 
7fe021bfb000-7fe021bfe000 ---p 00000000 00:00 0 
7fe021bfe000-7fe021cfc000 rw-p 00000000 00:00 0 
7fe021cfc000-7fe021cff000 ---p 00000000 00:00 0 
7fe021cff000-7fe021dfd000 rw-p 00000000 00:00 0 
7fe021dfd000-7fe021e00000 ---p 00000000 00:00 0 
7fe021e00000-7fe021efe000 rw-p 00000000 00:00 0 
7fe021efe000-7fe021f01000 ---p 00000000 00:00 0 
7fe021f01000-7fe021fff000 rw-p 00000000 00:00 0 
7fe021fff000-7fe022002000 ---p 00000000 00:00 0 
7fe022002000-7fe022100000 rw-p 00000000 00:00 0 
7fe022100000-7fe022103000 ---p 00000000 00:00 0 
7fe022103000-7fe022401000 rw-p 00000000 00:00 0 
7fe022401000-7fe022404000 ---p 00000000 00:00 0 
7fe022404000-7fe022502000 rw-p 00000000 00:00 0 
7fe022502000-7fe022519000 r-xp 00000000 08:06 3150630                    /lib/x86_64-linux-gnu/libresolv-2.27.so
7fe022519000-7fe022719000 ---p 00017000 08:06 3150630                    /lib/x86_64-linux-gnu/libresolv-2.27.so
7fe022719000-7fe02271a000 r--p 00017000 08:06 3150630                    /lib/x86_64-linux-gnu/libresolv-2.27.so
7fe02271a000-7fe02271b000 rw-p 00018000 08:06 3150630                    /lib/x86_64-linux-gnu/libresolv-2.27.so
7fe02271b000-7fe02271d000 rw-p 00000000 00:00 0 
7fe02271d000-7fe022722000 r-xp 00000000 08:06 3150394                    /lib/x86_64-linux-gnu/libnss_dns-2.27.so
7fe022722000-7fe022922000 ---p 00005000 08:06 3150394                    /lib/x86_64-linux-gnu/libnss_dns-2.27.so
7fe022922000-7fe022923000 r--p 00005000 08:06 3150394                    /lib/x86_64-linux-gnu/libnss_dns-2.27.so
7fe022923000-7fe022924000 rw-p 00006000 08:06 3150394                    /lib/x86_64-linux-gnu/libnss_dns-2.27.so
7fe022924000-7fe022926000 r-xp 00000000 08:06 3167921                    /lib/x86_64-linux-gnu/libnss_mdns4_minimal.so.2
7fe022926000-7fe022b25000 ---p 00002000 08:06 3167921                    /lib/x86_64-linux-gnu/libnss_mdns4_minimal.so.2
7fe022b25000-7fe022b26000 r--p 00001000 08:06 3167921                    /lib/x86_64-linux-gnu/libnss_mdns4_minimal.so.2
7fe022b26000-7fe022b27000 rw-p 00002000 08:06 3167921                    /lib/x86_64-linux-gnu/libnss_mdns4_minimal.so.2
7fe022b27000-7fe022b2a000 ---p 00000000 00:00 0 
7fe022b2a000-7fe022e28000 rw-p 00000000 00:00 0 
7fe022e28000-7fe022e50000 r-xp 00000000 08:06 3807497                    /usr/lib/jvm/java-8-openjdk-amd64/jre/lib/amd64/libsunec.so
7fe022e50000-7fe02304f000 ---p 00028000 08:06 3807497                    /usr/lib/jvm/java-8-openjdk-amd64/jre/lib/amd64/libsunec.so
7fe02304f000-7fe023053000 r--p 00027000 08:06 3807497                    /usr/lib/jvm/java-8-openjdk-amd64/jre/lib/amd64/libsunec.so
7fe023053000-7fe023054000 rw-p 0002b000 08:06 3807497                    /usr/lib/jvm/java-8-openjdk-amd64/jre/lib/amd64/libsunec.so
7fe023054000-7fe02306b000 r-xp 00000000 08:06 3807492                    /usr/lib/jvm/java-8-openjdk-amd64/jre/lib/amd64/libnet.so
7fe02306b000-7fe02326a000 ---p 00017000 08:06 3807492                    /usr/lib/jvm/java-8-openjdk-amd64/jre/lib/amd64/libnet.so
7fe02326a000-7fe02326b000 r--p 00016000 08:06 3807492                    /usr/lib/jvm/java-8-openjdk-amd64/jre/lib/amd64/libnet.so
7fe02326b000-7fe02326c000 rw-p 00017000 08:06 3807492                    /usr/lib/jvm/java-8-openjdk-amd64/jre/lib/amd64/libnet.so
7fe02326c000-7fe02327d000 r-xp 00000000 08:06 3807493                    /usr/lib/jvm/java-8-openjdk-amd64/jre/lib/amd64/libnio.so
7fe02327d000-7fe02347d000 ---p 00011000 08:06 3807493                    /usr/lib/jvm/java-8-openjdk-amd64/jre/lib/amd64/libnio.so
7fe02347d000-7fe02347e000 r--p 00011000 08:06 3807493                    /usr/lib/jvm/java-8-openjdk-amd64/jre/lib/amd64/libnio.so
7fe02347e000-7fe02347f000 rw-p 00012000 08:06 3807493                    /usr/lib/jvm/java-8-openjdk-amd64/jre/lib/amd64/libnio.so
7fe02347f000-7fe02361b000 r--s 018d5000 08:06 7226393                    /home/user/CollegeJava/DiscordAssignmentUpdater/build/libs/DiscordAssignmentUpdater-1.0-SNAPSHOT-all.jar
7fe02361b000-7fe02361c000 ---p 00000000 00:00 0 
7fe02361c000-7fe02371c000 rw-p 00000000 00:00 0 
7fe02371c000-7fe02371f000 ---p 00000000 00:00 0 
7fe02371f000-7fe02381d000 rw-p 00000000 00:00 0 
7fe02381d000-7fe02381e000 ---p 00000000 00:00 0 
7fe02381e000-7fe023821000 ---p 00000000 00:00 0 
7fe023821000-7fe02391e000 rw-p 00000000 00:00 0 
7fe02391e000-7fe02391f000 ---p 00000000 00:00 0 
7fe02391f000-7fe023922000 ---p 00000000 00:00 0 
7fe023922000-7fe023a1f000 rw-p 00000000 00:00 0 
7fe023a1f000-7fe023a20000 ---p 00000000 00:00 0 
7fe023a20000-7fe023a23000 ---p 00000000 00:00 0 
7fe023a23000-7fe023b20000 rw-p 00000000 00:00 0 
7fe023b20000-7fe023b23000 ---p 00000000 00:00 0 
7fe023b23000-7fe023c21000 rw-p 00000000 00:00 0 
7fe023c21000-7fe023eff000 r--p 00000000 08:06 3690191                    /usr/lib/locale/locale-archive
7fe023eff000-7fe023f02000 ---p 00000000 00:00 0 
7fe023f02000-7fe024000000 rw-p 00000000 00:00 0 
7fe024000000-7fe024021000 rw-p 00000000 00:00 0 
7fe024021000-7fe028000000 ---p 00000000 00:00 0 
7fe0280f1000-7fe0280f4000 ---p 00000000 00:00 0 
7fe0280f4000-7fe0281f2000 rw-p 00000000 00:00 0 
7fe0281f2000-7fe0281f3000 ---p 00000000 00:00 0 
7fe0281f3000-7fe029000000 rw-p 00000000 00:00 0 
7fe029000000-7fe02a950000 rwxp 00000000 00:00 0 
7fe02a950000-7fe038000000 ---p 00000000 00:00 0 
7fe038000000-7fe038bd0000 rw-p 00000000 00:00 0 
7fe038bd0000-7fe03c000000 ---p 00000000 00:00 0 
7fe03c0b5000-7fe03c0c8000 r--s 00346000 08:06 3807882                    /usr/lib/jvm/java-8-openjdk-amd64/jre/lib/resources.jar
7fe03c0c8000-7fe03c0e3000 r--s 00394000 08:06 3807511                    /usr/lib/jvm/java-8-openjdk-amd64/jre/lib/ext/cldrdata.jar
7fe03c0e3000-7fe03c333000 rw-p 00000000 00:00 0 
7fe03c333000-7fe03c502000 r--s 03c33000 08:06 3807883                    /usr/lib/jvm/java-8-openjdk-amd64/jre/lib/rt.jar
7fe03c502000-7fe03d526000 rw-p 00000000 00:00 0 
7fe03d526000-7fe03d527000 ---p 00000000 00:00 0 
7fe03d527000-7fe03d627000 rw-p 00000000 00:00 0 
7fe03d627000-7fe03d628000 ---p 00000000 00:00 0 
7fe03d628000-7fe03d728000 rw-p 00000000 00:00 0 
7fe03d728000-7fe03d729000 ---p 00000000 00:00 0 
7fe03d729000-7fe03d829000 rw-p 00000000 00:00 0 
7fe03d829000-7fe03d82a000 ---p 00000000 00:00 0 
7fe03d82a000-7fe03d9af000 rw-p 00000000 00:00 0 
7fe03d9af000-7fe03de49000 ---p 00000000 00:00 0 
7fe03de49000-7fe03dece000 rw-p 00000000 00:00 0 
7fe03dece000-7fe03e367000 ---p 00000000 00:00 0 
7fe03e367000-7fe03e485000 rw-p 00000000 00:00 0 
7fe03e485000-7fe03e5f7000 ---p 00000000 00:00 0 
7fe03e5f7000-7fe03e65e000 rw-p 00000000 00:00 0 
7fe03e65e000-7fe03e9b8000 ---p 00000000 00:00 0 
7fe03e9b8000-7fe03e9c0000 r-xp 00000000 08:06 3807500                    /usr/lib/jvm/java-8-openjdk-amd64/jre/lib/amd64/libzip.so
7fe03e9c0000-7fe03ebbf000 ---p 00008000 08:06 3807500                    /usr/lib/jvm/java-8-openjdk-amd64/jre/lib/amd64/libzip.so
7fe03ebbf000-7fe03ebc0000 r--p 00007000 08:06 3807500                    /usr/lib/jvm/java-8-openjdk-amd64/jre/lib/amd64/libzip.so
7fe03ebc0000-7fe03ebc1000 rw-p 00008000 08:06 3807500                    /usr/lib/jvm/java-8-openjdk-amd64/jre/lib/amd64/libzip.so
7fe03ebc1000-7fe03ebcc000 r-xp 00000000 08:06 3150450                    /lib/x86_64-linux-gnu/libnss_files-2.27.so
7fe03ebcc000-7fe03edcb000 ---p 0000b000 08:06 3150450                    /lib/x86_64-linux-gnu/libnss_files-2.27.so
7fe03edcb000-7fe03edcc000 r--p 0000a000 08:06 3150450                    /lib/x86_64-linux-gnu/libnss_files-2.27.so
7fe03edcc000-7fe03edcd000 rw-p 0000b000 08:06 3150450                    /lib/x86_64-linux-gnu/libnss_files-2.27.so
7fe03edcd000-7fe03edd3000 rw-p 00000000 00:00 0 
7fe03edd3000-7fe03edea000 r-xp 00000000 08:06 3150375                    /lib/x86_64-linux-gnu/libnsl-2.27.so
7fe03edea000-7fe03efe9000 ---p 00017000 08:06 3150375                    /lib/x86_64-linux-gnu/libnsl-2.27.so
7fe03efe9000-7fe03efea000 r--p 00016000 08:06 3150375                    /lib/x86_64-linux-gnu/libnsl-2.27.so
7fe03efea000-7fe03efeb000 rw-p 00017000 08:06 3150375                    /lib/x86_64-linux-gnu/libnsl-2.27.so
7fe03efeb000-7fe03efed000 rw-p 00000000 00:00 0 
7fe03efed000-7fe03eff8000 r-xp 00000000 08:06 3150477                    /lib/x86_64-linux-gnu/libnss_nis-2.27.so
7fe03eff8000-7fe03f1f7000 ---p 0000b000 08:06 3150477                    /lib/x86_64-linux-gnu/libnss_nis-2.27.so
7fe03f1f7000-7fe03f1f8000 r--p 0000a000 08:06 3150477                    /lib/x86_64-linux-gnu/libnss_nis-2.27.so
7fe03f1f8000-7fe03f1f9000 rw-p 0000b000 08:06 3150477                    /lib/x86_64-linux-gnu/libnss_nis-2.27.so
7fe03f1f9000-7fe03f201000 r-xp 00000000 08:06 3150393                    /lib/x86_64-linux-gnu/libnss_compat-2.27.so
7fe03f201000-7fe03f401000 ---p 00008000 08:06 3150393                    /lib/x86_64-linux-gnu/libnss_compat-2.27.so
7fe03f401000-7fe03f402000 r--p 00008000 08:06 3150393                    /lib/x86_64-linux-gnu/libnss_compat-2.27.so
7fe03f402000-7fe03f403000 rw-p 00009000 08:06 3150393                    /lib/x86_64-linux-gnu/libnss_compat-2.27.so
7fe03f403000-7fe03f431000 r-xp 00000000 08:06 3807481                    /usr/lib/jvm/java-8-openjdk-amd64/jre/lib/amd64/libjava.so
7fe03f431000-7fe03f630000 ---p 0002e000 08:06 3807481                    /usr/lib/jvm/java-8-openjdk-amd64/jre/lib/amd64/libjava.so
7fe03f630000-7fe03f631000 r--p 0002d000 08:06 3807481                    /usr/lib/jvm/java-8-openjdk-amd64/jre/lib/amd64/libjava.so
7fe03f631000-7fe03f633000 rw-p 0002e000 08:06 3807481                    /usr/lib/jvm/java-8-openjdk-amd64/jre/lib/amd64/libjava.so
7fe03f633000-7fe03f643000 r-xp 00000000 08:06 3807499                    /usr/lib/jvm/java-8-openjdk-amd64/jre/lib/amd64/libverify.so
7fe03f643000-7fe03f842000 ---p 00010000 08:06 3807499                    /usr/lib/jvm/java-8-openjdk-amd64/jre/lib/amd64/libverify.so
7fe03f842000-7fe03f844000 r--p 0000f000 08:06 3807499                    /usr/lib/jvm/java-8-openjdk-amd64/jre/lib/amd64/libverify.so
7fe03f844000-7fe03f845000 rw-p 00011000 08:06 3807499                    /usr/lib/jvm/java-8-openjdk-amd64/jre/lib/amd64/libverify.so
7fe03f845000-7fe03f84c000 r-xp 00000000 08:06 3150631                    /lib/x86_64-linux-gnu/librt-2.27.so
7fe03f84c000-7fe03fa4b000 ---p 00007000 08:06 3150631                    /lib/x86_64-linux-gnu/librt-2.27.so
7fe03fa4b000-7fe03fa4c000 r--p 00006000 08:06 3150631                    /lib/x86_64-linux-gnu/librt-2.27.so
7fe03fa4c000-7fe03fa4d000 rw-p 00007000 08:06 3150631                    /lib/x86_64-linux-gnu/librt-2.27.so
7fe03fa4d000-7fe03fa64000 r-xp 00000000 08:06 3157677                    /lib/x86_64-linux-gnu/libgcc_s.so.1
7fe03fa64000-7fe03fc63000 ---p 00017000 08:06 3157677                    /lib/x86_64-linux-gnu/libgcc_s.so.1
7fe03fc63000-7fe03fc64000 r--p 00016000 08:06 3157677                    /lib/x86_64-linux-gnu/libgcc_s.so.1
7fe03fc64000-7fe03fc65000 rw-p 00017000 08:06 3157677                    /lib/x86_64-linux-gnu/libgcc_s.so.1
7fe03fc65000-7fe03fe02000 r-xp 00000000 08:06 3150350                    /lib/x86_64-linux-gnu/libm-2.27.so
7fe03fe02000-7fe040001000 ---p 0019d000 08:06 3150350                    /lib/x86_64-linux-gnu/libm-2.27.so
7fe040001000-7fe040002000 r--p 0019c000 08:06 3150350                    /lib/x86_64-linux-gnu/libm-2.27.so
7fe040002000-7fe040003000 rw-p 0019d000 08:06 3150350                    /lib/x86_64-linux-gnu/libm-2.27.so
7fe040003000-7fe040181000 r-xp 00000000 08:06 3675964                    /usr/lib/x86_64-linux-gnu/libstdc++.so.6.0.25
7fe040181000-7fe040381000 ---p 0017e000 08:06 3675964                    /usr/lib/x86_64-linux-gnu/libstdc++.so.6.0.25
7fe040381000-7fe04038b000 r--p 0017e000 08:06 3675964                    /usr/lib/x86_64-linux-gnu/libstdc++.so.6.0.25
7fe04038b000-7fe04038d000 rw-p 00188000 08:06 3675964                    /usr/lib/x86_64-linux-gnu/libstdc++.so.6.0.25
7fe04038d000-7fe040391000 rw-p 00000000 00:00 0 
7fe040391000-7fe04102b000 r-xp 00000000 08:06 3807502                    /usr/lib/jvm/java-8-openjdk-amd64/jre/lib/amd64/server/libjvm.so
7fe04102b000-7fe04122a000 ---p 00c9a000 08:06 3807502                    /usr/lib/jvm/java-8-openjdk-amd64/jre/lib/amd64/server/libjvm.so
7fe04122a000-7fe0412be000 r--p 00c99000 08:06 3807502                    /usr/lib/jvm/java-8-openjdk-amd64/jre/lib/amd64/server/libjvm.so
7fe0412be000-7fe0412e7000 rw-p 00d2d000 08:06 3807502                    /usr/lib/jvm/java-8-openjdk-amd64/jre/lib/amd64/server/libjvm.so
7fe0412e7000-7fe041317000 rw-p 00000000 00:00 0 
7fe041317000-7fe041331000 r-xp 00000000 08:06 3150502                    /lib/x86_64-linux-gnu/libpthread-2.27.so
7fe041331000-7fe041530000 ---p 0001a000 08:06 3150502                    /lib/x86_64-linux-gnu/libpthread-2.27.so
7fe041530000-7fe041531000 r--p 00019000 08:06 3150502                    /lib/x86_64-linux-gnu/libpthread-2.27.so
7fe041531000-7fe041532000 rw-p 0001a000 08:06 3150502                    /lib/x86_64-linux-gnu/libpthread-2.27.so
7fe041532000-7fe041536000 rw-p 00000000 00:00 0 
7fe041536000-7fe041539000 r-xp 00000000 08:06 3150349                    /lib/x86_64-linux-gnu/libdl-2.27.so
7fe041539000-7fe041738000 ---p 00003000 08:06 3150349                    /lib/x86_64-linux-gnu/libdl-2.27.so
7fe041738000-7fe041739000 r--p 00002000 08:06 3150349                    /lib/x86_64-linux-gnu/libdl-2.27.so
7fe041739000-7fe04173a000 rw-p 00003000 08:06 3150349                    /lib/x86_64-linux-gnu/libdl-2.27.so
7fe04173a000-7fe041756000 r-xp 00000000 08:06 3155650                    /lib/x86_64-linux-gnu/libz.so.1.2.11
7fe041756000-7fe041955000 ---p 0001c000 08:06 3155650                    /lib/x86_64-linux-gnu/libz.so.1.2.11
7fe041955000-7fe041956000 r--p 0001b000 08:06 3155650                    /lib/x86_64-linux-gnu/libz.so.1.2.11
7fe041956000-7fe041957000 rw-p 0001c000 08:06 3155650                    /lib/x86_64-linux-gnu/libz.so.1.2.11
7fe041957000-7fe041b3e000 r-xp 00000000 08:06 3150346                    /lib/x86_64-linux-gnu/libc-2.27.so
7fe041b3e000-7fe041d3e000 ---p 001e7000 08:06 3150346                    /lib/x86_64-linux-gnu/libc-2.27.so
7fe041d3e000-7fe041d42000 r--p 001e7000 08:06 3150346                    /lib/x86_64-linux-gnu/libc-2.27.so
7fe041d42000-7fe041d44000 rw-p 001eb000 08:06 3150346                    /lib/x86_64-linux-gnu/libc-2.27.so
7fe041d44000-7fe041d48000 rw-p 00000000 00:00 0 
7fe041d48000-7fe041d56000 r-xp 00000000 08:06 3807316                    /usr/lib/jvm/java-8-openjdk-amd64/jre/lib/amd64/jli/libjli.so
7fe041d56000-7fe041f55000 ---p 0000e000 08:06 3807316                    /usr/lib/jvm/java-8-openjdk-amd64/jre/lib/amd64/jli/libjli.so
7fe041f55000-7fe041f56000 r--p 0000d000 08:06 3807316                    /usr/lib/jvm/java-8-openjdk-amd64/jre/lib/amd64/jli/libjli.so
7fe041f56000-7fe041f57000 rw-p 0000e000 08:06 3807316                    /usr/lib/jvm/java-8-openjdk-amd64/jre/lib/amd64/jli/libjli.so
7fe041f57000-7fe041f7e000 r-xp 00000000 08:06 3150283                    /lib/x86_64-linux-gnu/ld-2.27.so
7fe041f81000-7fe041f82000 r--p 00000000 08:06 4724148                    /usr/share/locale-langpack/en_GB/LC_MESSAGES/libc.mo
7fe041f82000-7fe041f87000 r--s 002f9000 08:06 3807503                    /usr/lib/jvm/java-8-openjdk-amd64/jre/lib/charsets.jar
7fe041f87000-7fe041f89000 r--s 00016000 08:06 3807876                    /usr/lib/jvm/java-8-openjdk-amd64/jre/lib/jce.jar
7fe041f89000-7fe041f8e000 r--s 000a0000 08:06 3807878                    /usr/lib/jvm/java-8-openjdk-amd64/jre/lib/jsse.jar
7fe041f8e000-7fe041f90000 r--s 00008000 08:06 3807561                    /usr/lib/jvm/java-8-openjdk-amd64/jre/lib/ext/sunec.jar
7fe041f90000-7fe041fab000 r--s 001d6000 08:06 3807560                    /usr/lib/jvm/java-8-openjdk-amd64/jre/lib/ext/nashorn.jar
7fe041fab000-7fe042053000 rw-p 00000000 00:00 0 
7fe042053000-7fe042054000 ---p 00000000 00:00 0 
7fe042054000-7fe042057000 ---p 00000000 00:00 0 
7fe042057000-7fe042156000 rw-p 00000000 00:00 0 
7fe042156000-7fe042157000 r--s 00010000 08:06 3807564                    /usr/lib/jvm/java-8-openjdk-amd64/jre/lib/ext/zipfs.jar
7fe042157000-7fe042159000 r--s 00001000 08:06 3807512                    /usr/lib/jvm/java-8-openjdk-amd64/jre/lib/ext/dnsns.jar
7fe042159000-7fe04215c000 r--s 00038000 08:06 3807563                    /usr/lib/jvm/java-8-openjdk-amd64/jre/lib/ext/sunpkcs11.jar
7fe04215c000-7fe042162000 r--s 0003b000 08:06 3807562                    /usr/lib/jvm/java-8-openjdk-amd64/jre/lib/ext/sunjce_provider.jar
7fe042162000-7fe04216c000 r--s 00116000 08:06 3807559                    /usr/lib/jvm/java-8-openjdk-amd64/jre/lib/ext/localedata.jar
7fe04216c000-7fe04216d000 r--s 0000a000 08:06 3807558                    /usr/lib/jvm/java-8-openjdk-amd64/jre/lib/ext/jaccess.jar
7fe04216d000-7fe042170000 r--s 0000f000 08:06 3807557                    /usr/lib/jvm/java-8-openjdk-amd64/jre/lib/ext/icedtea-sound.jar
7fe042170000-7fe042172000 r--s 00007000 08:06 4075405                    /usr/share/java/java-atk-wrapper.jar
7fe042172000-7fe04217a000 rw-s 00000000 08:06 1711026                    /tmp/hsperfdata_user/16765
7fe04217a000-7fe04217b000 rw-p 00000000 00:00 0 
7fe04217b000-7fe04217c000 r--p 00000000 00:00 0 
7fe04217c000-7fe04217e000 rw-p 00000000 00:00 0 
7fe04217e000-7fe04217f000 r--p 00027000 08:06 3150283                    /lib/x86_64-linux-gnu/ld-2.27.so
7fe04217f000-7fe042180000 rw-p 00028000 08:06 3150283                    /lib/x86_64-linux-gnu/ld-2.27.so
7fe042180000-7fe042181000 rw-p 00000000 00:00 0 
7ffcbdcda000-7ffcbdcfb000 rw-p 00000000 00:00 0                          [stack]
7ffcbdd0c000-7ffcbdd0f000 r--p 00000000 00:00 0                          [vvar]
7ffcbdd0f000-7ffcbdd11000 r-xp 00000000 00:00 0                          [vdso]
ffffffffff600000-ffffffffff601000 r-xp 00000000 00:00 0                  [vsyscall]

VM Arguments:
java_command: build/libs/DiscordAssignmentUpdater-1.0-SNAPSHOT-all.jar
java_class_path (initial): build/libs/DiscordAssignmentUpdater-1.0-SNAPSHOT-all.jar
Launcher Type: SUN_STANDARD

Environment Variables:
PATH=/home/user/bin:/home/user/.local/bin:/usr/local/sbin:/usr/local/bin:/usr/sbin:/usr/bin:/sbin:/bin:/usr/games:/usr/local/games:/snap/bin
SHELL=/bin/bash
DISPLAY=:0

Signal Handlers:
SIGSEGV: [libjvm.so+0xab2ea0], sa_mask[0]=11111111011111111101111111111110, sa_flags=SA_RESTART|SA_SIGINFO
SIGBUS: [libjvm.so+0xab2ea0], sa_mask[0]=11111111011111111101111111111110, sa_flags=SA_RESTART|SA_SIGINFO
SIGFPE: [libjvm.so+0x8e87b0], sa_mask[0]=11111111011111111101111111111110, sa_flags=SA_RESTART|SA_SIGINFO
SIGPIPE: [libjvm.so+0x8e87b0], sa_mask[0]=11111111011111111101111111111110, sa_flags=SA_RESTART|SA_SIGINFO
SIGXFSZ: [libjvm.so+0x8e87b0], sa_mask[0]=11111111011111111101111111111110, sa_flags=SA_RESTART|SA_SIGINFO
SIGILL: [libjvm.so+0x8e87b0], sa_mask[0]=11111111011111111101111111111110, sa_flags=SA_RESTART|SA_SIGINFO
SIGUSR1: SIG_DFL, sa_mask[0]=00000000000000000000000000000000, sa_flags=none
SIGUSR2: [libjvm.so+0x8e8660], sa_mask[0]=00000000000000000000000000000000, sa_flags=SA_RESTART|SA_SIGINFO
SIGHUP: [libjvm.so+0x8e8cd0], sa_mask[0]=11111111011111111101111111111110, sa_flags=SA_RESTART|SA_SIGINFO
SIGINT: [libjvm.so+0x8e8cd0], sa_mask[0]=11111111011111111101111111111110, sa_flags=SA_RESTART|SA_SIGINFO
SIGTERM: [libjvm.so+0x8e8cd0], sa_mask[0]=11111111011111111101111111111110, sa_flags=SA_RESTART|SA_SIGINFO
SIGQUIT: [libjvm.so+0x8e8cd0], sa_mask[0]=11111111011111111101111111111110, sa_flags=SA_RESTART|SA_SIGINFO


---------------  S Y S T E M  ---------------

OS:DISTRIB_ID=Ubuntu
DISTRIB_RELEASE=18.04
DISTRIB_CODENAME=bionic
DISTRIB_DESCRIPTION="Ubuntu 18.04.1 LTS"

uname:Linux 4.15.0-46-generic #49-Ubuntu SMP Wed Feb 6 09:33:07 UTC 2019 x86_64
libc:glibc 2.27 NPTL 2.27 
rlimit: STACK 8192k, CORE 0k, NPROC 62656, NOFILE 4096, AS infinity
load average:0.89 1.03 0.92

/proc/meminfo:
MemTotal:       16100524 kB
MemFree:         3377836 kB
MemAvailable:    7506280 kB
Buffers:          515428 kB
Cached:          3656688 kB
SwapCached:            0 kB
Active:          9570148 kB
Inactive:        2350508 kB
Active(anon):    7751904 kB
Inactive(anon):   247976 kB
Active(file):    1818244 kB
Inactive(file):  2102532 kB
Unevictable:          52 kB
Mlocked:              52 kB
SwapTotal:       1998844 kB
SwapFree:        1998844 kB
Dirty:             26340 kB
Writeback:           104 kB
AnonPages:       7748744 kB
Mapped:           520872 kB
Shmem:            251256 kB
Slab:             647348 kB
SReclaimable:     543748 kB
SUnreclaim:       103600 kB
KernelStack:       16144 kB
PageTables:        65368 kB
NFS_Unstable:          0 kB
Bounce:                0 kB
WritebackTmp:          0 kB
CommitLimit:    10049104 kB
Committed_AS:   11834852 kB
VmallocTotal:   34359738367 kB
VmallocUsed:           0 kB
VmallocChunk:          0 kB
HardwareCorrupted:     0 kB
AnonHugePages:      2048 kB
ShmemHugePages:        0 kB
ShmemPmdMapped:        0 kB
CmaTotal:              0 kB
CmaFree:               0 kB
HugePages_Total:       0
HugePages_Free:        0
HugePages_Rsvd:        0
HugePages_Surp:        0
Hugepagesize:       2048 kB
DirectMap4k:      250728 kB
DirectMap2M:    16197632 kB

container (cgroup) information:
container_type: cgroupv1
cpu_cpuset_cpus: 0-3
cpu_memory_nodes: 0
active_processor_count: 4
cpu_quota: -1
cpu_period: 100000
cpu_shares: -1
memory_limit_in_bytes: -1
memory_and_swap_limit_in_bytes: -2
memory_soft_limit_in_bytes: -1
memory_usage_in_bytes: 11488047104
memory_max_usage_in_bytes: 11488047104


CPU:total 4 (initial active 4) (2 cores per cpu, 2 threads per core) family 6 model 58 stepping 9, cmov, cx8, fxsr, mmx, sse, sse2, sse3, ssse3, sse4.1, sse4.2, popcnt, avx, aes, clmul, erms, ht, tsc, tscinvbit, tscinv

/proc/cpuinfo:
processor	: 0
vendor_id	: GenuineIntel
cpu family	: 6
model		: 58
model name	: Intel(R) Core(TM) i5-3320M CPU @ 2.60GHz
stepping	: 9
microcode	: 0x20
cpu MHz		: 3184.236
cache size	: 3072 KB
physical id	: 0
siblings	: 4
core id		: 0
cpu cores	: 2
apicid		: 0
initial apicid	: 0
fpu		: yes
fpu_exception	: yes
cpuid level	: 13
wp		: yes
flags		: fpu vme de pse tsc msr pae mce cx8 apic sep mtrr pge mca cmov pat pse36 clflush dts acpi mmx fxsr sse sse2 ss ht tm pbe syscall nx rdtscp lm constant_tsc arch_perfmon pebs bts rep_good nopl xtopology nonstop_tsc cpuid aperfmperf pni pclmulqdq dtes64 monitor ds_cpl vmx smx est tm2 ssse3 cx16 xtpr pdcm pcid sse4_1 sse4_2 x2apic popcnt tsc_deadline_timer aes xsave avx f16c rdrand lahf_lm cpuid_fault epb pti ssbd ibrs ibpb stibp tpr_shadow vnmi flexpriority ept vpid fsgsbase smep erms xsaveopt dtherm ida arat pln pts flush_l1d
bugs		: cpu_meltdown spectre_v1 spectre_v2 spec_store_bypass l1tf
bogomips	: 5188.16
clflush size	: 64
cache_alignment	: 64
address sizes	: 36 bits physical, 48 bits virtual
power management:

processor	: 1
vendor_id	: GenuineIntel
cpu family	: 6
model		: 58
model name	: Intel(R) Core(TM) i5-3320M CPU @ 2.60GHz
stepping	: 9
microcode	: 0x20
cpu MHz		: 3151.327
cache size	: 3072 KB
physical id	: 0
siblings	: 4
core id		: 0
cpu cores	: 2
apicid		: 1
initial apicid	: 1
fpu		: yes
fpu_exception	: yes
cpuid level	: 13
wp		: yes
flags		: fpu vme de pse tsc msr pae mce cx8 apic sep mtrr pge mca cmov pat pse36 clflush dts acpi mmx fxsr sse sse2 ss ht tm pbe syscall nx rdtscp lm constant_tsc arch_perfmon pebs bts rep_good nopl xtopology nonstop_tsc cpuid aperfmperf pni pclmulqdq dtes64 monitor ds_cpl vmx smx est tm2 ssse3 cx16 xtpr pdcm pcid sse4_1 sse4_2 x2apic popcnt tsc_deadline_timer aes xsave avx f16c rdrand lahf_lm cpuid_fault epb pti ssbd ibrs ibpb stibp tpr_shadow vnmi flexpriority ept vpid fsgsbase smep erms xsaveopt dtherm ida arat pln pts flush_l1d
bugs		: cpu_meltdown spectre_v1 spectre_v2 spec_store_bypass l1tf
bogomips	: 5188.16
clflush size	: 64
cache_alignment	: 64
address sizes	: 36 bits physical, 48 bits virtual
power management:

processor	: 2
vendor_id	: GenuineIntel
cpu family	: 6
model		: 58
model name	: Intel(R) Core(TM) i5-3320M CPU @ 2.60GHz
stepping	: 9
microcode	: 0x20
cpu MHz		: 3092.960
cache size	: 3072 KB
physical id	: 0
siblings	: 4
core id		: 1
cpu cores	: 2
apicid		: 2
initial apicid	: 2
fpu		: yes
fpu_exception	: yes
cpuid level	: 13
wp		: yes
flags		: fpu vme de pse tsc msr pae mce cx8 apic sep mtrr pge mca cmov pat pse36 clflush dts acpi mmx fxsr sse sse2 ss ht tm pbe syscall nx rdtscp lm constant_tsc arch_perfmon pebs bts rep_good nopl xtopology nonstop_tsc cpuid aperfmperf pni pclmulqdq dtes64 monitor ds_cpl vmx smx est tm2 ssse3 cx16 xtpr pdcm pcid sse4_1 sse4_2 x2apic popcnt tsc_deadline_timer aes xsave avx f16c rdrand lahf_lm cpuid_fault epb pti ssbd ibrs ibpb stibp tpr_shadow vnmi flexpriority ept vpid fsgsbase smep erms xsaveopt dtherm ida arat pln pts flush_l1d
bugs		: cpu_meltdown spectre_v1 spectre_v2 spec_store_bypass l1tf
bogomips	: 5188.16
clflush size	: 64
cache_alignment	: 64
address sizes	: 36 bits physical, 48 bits virtual
power management:

processor	: 3
vendor_id	: GenuineIntel
cpu family	: 6
model		: 58
model name	: Intel(R) Core(TM) i5-3320M CPU @ 2.60GHz
stepping	: 9
microcode	: 0x20
cpu MHz		: 3092.970
cache size	: 3072 KB
physical id	: 0
siblings	: 4
core id		: 1
cpu cores	: 2
apicid		: 3
initial apicid	: 3
fpu		: yes
fpu_exception	: yes
cpuid level	: 13
wp		: yes
flags		: fpu vme de pse tsc msr pae mce cx8 apic sep mtrr pge mca cmov pat pse36 clflush dts acpi mmx fxsr sse sse2 ss ht tm pbe syscall nx rdtscp lm constant_tsc arch_perfmon pebs bts rep_good nopl xtopology nonstop_tsc cpuid aperfmperf pni pclmulqdq dtes64 monitor ds_cpl vmx smx est tm2 ssse3 cx16 xtpr pdcm pcid sse4_1 sse4_2 x2apic popcnt tsc_deadline_timer aes xsave avx f16c rdrand lahf_lm cpuid_fault epb pti ssbd ibrs ibpb stibp tpr_shadow vnmi flexpriority ept vpid fsgsbase smep erms xsaveopt dtherm ida arat pln pts flush_l1d
bugs		: cpu_meltdown spectre_v1 spectre_v2 spec_store_bypass l1tf
bogomips	: 5188.16
clflush size	: 64
cache_alignment	: 64
address sizes	: 36 bits physical, 48 bits virtual
power management:



Memory: 4k page, physical 16100524k(3376596k free), swap 1998844k(1998844k free)

vm_info: OpenJDK 64-Bit Server VM (25.191-b12) for linux-amd64 JRE (1.8.0_191-8u191-b12-2ubuntu0.18.04.1-b12), built on Jan 14 2019 21:02:00 by "buildd" with gcc 7.3.0

time: Sun Mar 10 13:16:27 2019
elapsed time: 164 seconds (0d 0h 2m 44s)

